0 verbose cli C:\Program Files\nodejs\node.exe C:\Program Files\nodejs\node_modules\npm\bin\npm-cli.js
1 info using npm@10.5.0
2 info using node@v20.12.0
3 timing npm:load:whichnode Completed in 3ms
4 timing config:load:defaults Completed in 7ms
5 timing config:load:file:C:\Users\leoab\AppData\Roaming\nvm\v16.20.2\node_modules\npm\npmrc Completed in 3ms
6 timing config:load:builtin Completed in 3ms
7 timing config:load:cli Completed in 3ms
8 timing config:load:env Completed in 1ms
9 timing config:load:file:C:\Users\leoab\Desktop\Projects\find_jobs_front\.npmrc Completed in 1ms
10 timing config:load:project Completed in 2ms
11 timing config:load:file:C:\Users\leoab\.npmrc Completed in 0ms
12 timing config:load:user Completed in 0ms
13 timing config:load:file:C:\Users\leoab\AppData\Roaming\npm\etc\npmrc Completed in 1ms
14 timing config:load:global Completed in 2ms
15 timing config:load:setEnvs Completed in 2ms
16 timing config:load Completed in 22ms
17 timing npm:load:configload Completed in 22ms
18 timing config:load:flatten Completed in 3ms
19 timing npm:load:mkdirpcache Completed in 1ms
20 timing npm:load:mkdirplogs Completed in 0ms
21 verbose title npm install @types/jwt-decode
22 verbose argv "install" "--save-dev" "@types/jwt-decode"
23 timing npm:load:setTitle Completed in 1ms
24 timing npm:load:display Completed in 1ms
25 verbose logfile logs-max:10 dir:C:\Users\leoab\Desktop\Projects\find_jobs_front\UsersleoabAppDataRoamingnpm-cache\_logs\2024-06-25T10_11_29_608Z-
26 verbose logfile C:\Users\leoab\Desktop\Projects\find_jobs_front\UsersleoabAppDataRoamingnpm-cache\_logs\2024-06-25T10_11_29_608Z-debug-0.log
27 timing npm:load:logFile Completed in 17ms
28 timing npm:load:timers Completed in 0ms
29 timing npm:load:configScope Completed in 0ms
30 timing npm:load Completed in 87ms
31 timing arborist:ctor Completed in 1ms
32 silly logfile start cleaning logs, removing 2 files
33 silly logfile done cleaning log files
34 timing idealTree:init Completed in 1460ms
35 timing idealTree:userRequests Completed in 5ms
36 silly idealTree buildDeps
37 silly fetch manifest @types/jwt-decode@^3.1.0
38 timing arborist:ctor Completed in 0ms
39 http fetch GET 200 https://registry.npmjs.org/@types%2fjwt-decode 1889ms (cache revalidated)
40 silly placeDep ROOT @types/jwt-decode@3.1.0 REPLACE for: jornada-milhas@0.0.0 want: ^3.1.0
41 timing idealTree:#root Completed in 1916ms
42 timing idealTree:node_modules/@types/jwt-decode Completed in 0ms
43 timing idealTree:buildDeps Completed in 1918ms
44 timing idealTree:fixDepFlags Completed in 13ms
45 timing idealTree Completed in 3418ms
46 timing reify:loadTrees Completed in 3420ms
47 timing reify:diffTrees Completed in 68ms
48 silly reify moves {}
49 timing reify:retireShallow Completed in 5ms
50 timing reify:createSparse Completed in 14ms
51 timing reify:loadBundles Completed in 0ms
52 silly audit bulk request {
52 silly audit   '@ampproject/remapping': [ '2.2.1' ],
52 silly audit   '@angular-devkit/architect': [ '0.1602.14', '0.1600.6' ],
52 silly audit   '@angular-devkit/build-angular': [ '16.2.14' ],
52 silly audit   tslib: [ '2.6.1', '2.6.3' ],
52 silly audit   '@angular-devkit/build-webpack': [ '0.1602.14' ],
52 silly audit   '@angular-devkit/core': [ '16.2.14', '16.0.6' ],
52 silly audit   '@angular-devkit/schematics': [ '16.0.6' ],
52 silly audit   'magic-string': [ '0.30.0', '0.30.1' ],
52 silly audit   '@angular/animations': [ '16.2.12' ],
52 silly audit   '@angular/cdk': [ '16.2.14' ],
52 silly audit   parse5: [ '7.1.2', '6.0.1' ],
52 silly audit   '@angular/cli': [ '16.0.6' ],
52 silly audit   'lru-cache': [ '6.0.0', '7.18.3', '5.1.1', '10.2.2' ],
52 silly audit   semver: [ '7.4.0', '6.3.1', '5.7.2', '7.5.4' ],
52 silly audit   yallist: [ '4.0.0', '3.1.1' ],
52 silly audit   '@angular/common': [ '16.2.12' ],
52 silly audit   '@angular/compiler': [ '16.2.12' ],
52 silly audit   '@angular/compiler-cli': [ '16.2.12' ],
52 silly audit   '@babel/core': [ '7.23.2', '7.22.9' ],
52 silly audit   'convert-source-map': [ '2.0.0', '1.9.0' ],
52 silly audit   '@babel/generator': [ '7.24.7', '7.22.9' ],
52 silly audit   '@babel/template': [ '7.24.7', '7.22.5' ],
52 silly audit   '@angular/core': [ '16.2.12' ],
52 silly audit   '@angular/forms': [ '16.2.12' ],
52 silly audit   '@angular/material': [ '16.2.14' ],
52 silly audit   '@angular/material-date-fns-adapter': [ '16.2.14' ],
52 silly audit   '@angular/platform-browser': [ '16.2.12' ],
52 silly audit   '@angular/platform-browser-dynamic': [ '16.2.12' ],
52 silly audit   '@angular/router': [ '16.2.12' ],
52 silly audit   '@assemblyscript/loader': [ '0.10.1' ],
52 silly audit   '@babel/code-frame': [ '7.24.7' ],
52 silly audit   '@babel/compat-data': [ '7.24.7' ],
52 silly audit   '@babel/helper-annotate-as-pure': [ '7.22.5', '7.24.7' ],
52 silly audit   '@babel/helper-builder-binary-assignment-operator-visitor': [ '7.24.7' ],
52 silly audit   '@babel/helper-compilation-targets': [ '7.24.7' ],
52 silly audit   '@babel/helper-create-class-features-plugin': [ '7.24.7' ],
52 silly audit   '@babel/helper-split-export-declaration': [ '7.24.7', '7.22.6' ],
52 silly audit   '@babel/helper-create-regexp-features-plugin': [ '7.24.7' ],
52 silly audit   '@babel/helper-define-polyfill-provider': [ '0.6.2', '0.4.4', '0.5.0' ],
52 silly audit   '@babel/helper-environment-visitor': [ '7.24.7' ],
52 silly audit   '@babel/helper-function-name': [ '7.24.7' ],
52 silly audit   '@babel/helper-hoist-variables': [ '7.24.7' ],
52 silly audit   '@babel/helper-member-expression-to-functions': [ '7.24.7' ],
52 silly audit   '@babel/helper-module-imports': [ '7.24.7' ],
52 silly audit   '@babel/helper-module-transforms': [ '7.24.7' ],
52 silly audit   '@babel/helper-optimise-call-expression': [ '7.24.7' ],
52 silly audit   '@babel/helper-plugin-utils': [ '7.24.7' ],
52 silly audit   '@babel/helper-remap-async-to-generator': [ '7.24.7' ],
52 silly audit   '@babel/helper-replace-supers': [ '7.24.7' ],
52 silly audit   '@babel/helper-simple-access': [ '7.24.7' ],
52 silly audit   '@babel/helper-skip-transparent-expression-wrappers': [ '7.24.7' ],
52 silly audit   '@babel/helper-string-parser': [ '7.24.7' ],
52 silly audit   '@babel/helper-validator-identifier': [ '7.24.7' ],
52 silly audit   '@babel/helper-validator-option': [ '7.24.7' ],
52 silly audit   '@babel/helper-wrap-function': [ '7.24.7' ],
52 silly audit   '@babel/helpers': [ '7.24.7' ],
52 silly audit   '@babel/highlight': [ '7.24.7' ],
52 silly audit   '@babel/parser': [ '7.24.7' ],
52 silly audit   '@babel/plugin-bugfix-safari-id-destructuring-collision-in-function-expression': [ '7.24.7' ],
52 silly audit   '@babel/plugin-bugfix-v8-spread-parameters-in-optional-chaining': [ '7.24.7' ],
52 silly audit   '@babel/plugin-proposal-async-generator-functions': [ '7.20.7' ],
52 silly audit   '@babel/plugin-proposal-private-property-in-object': [ '7.21.0-placeholder-for-preset-env.2' ],
52 silly audit   '@babel/plugin-proposal-unicode-property-regex': [ '7.18.6' ],
52 silly audit   '@babel/plugin-syntax-async-generators': [ '7.8.4' ],
52 silly audit   '@babel/plugin-syntax-class-properties': [ '7.12.13' ],
52 silly audit   '@babel/plugin-syntax-class-static-block': [ '7.14.5' ],
52 silly audit   '@babel/plugin-syntax-dynamic-import': [ '7.8.3' ],
52 silly audit   '@babel/plugin-syntax-export-namespace-from': [ '7.8.3' ],
52 silly audit   '@babel/plugin-syntax-import-assertions': [ '7.24.7' ],
52 silly audit   '@babel/plugin-syntax-import-attributes': [ '7.24.7' ],
52 silly audit   '@babel/plugin-syntax-import-meta': [ '7.10.4' ],
52 silly audit   '@babel/plugin-syntax-json-strings': [ '7.8.3' ],
52 silly audit   '@babel/plugin-syntax-logical-assignment-operators': [ '7.10.4' ],
52 silly audit   '@babel/plugin-syntax-nullish-coalescing-operator': [ '7.8.3' ],
52 silly audit   '@babel/plugin-syntax-numeric-separator': [ '7.10.4' ],
52 silly audit   '@babel/plugin-syntax-object-rest-spread': [ '7.8.3' ],
52 silly audit   '@babel/plugin-syntax-optional-catch-binding': [ '7.8.3' ],
52 silly audit   '@babel/plugin-syntax-optional-chaining': [ '7.8.3' ],
52 silly audit   '@babel/plugin-syntax-private-property-in-object': [ '7.14.5' ],
52 silly audit   '@babel/plugin-syntax-top-level-await': [ '7.14.5' ],
52 silly audit   '@babel/plugin-syntax-unicode-sets-regex': [ '7.18.6' ],
52 silly audit   '@babel/plugin-transform-arrow-functions': [ '7.24.7' ],
52 silly audit   '@babel/plugin-transform-async-generator-functions': [ '7.24.7' ],
52 silly audit   '@babel/plugin-transform-async-to-generator': [ '7.22.5' ],
52 silly audit   '@babel/plugin-transform-block-scoped-functions': [ '7.24.7' ],
52 silly audit   '@babel/plugin-transform-block-scoping': [ '7.24.7' ],
52 silly audit   '@babel/plugin-transform-class-properties': [ '7.24.7' ],
52 silly audit   '@babel/plugin-transform-class-static-block': [ '7.24.7' ],
52 silly audit   '@babel/plugin-transform-classes': [ '7.24.7' ],
52 silly audit   '@babel/plugin-transform-computed-properties': [ '7.24.7' ],
52 silly audit   '@babel/plugin-transform-destructuring': [ '7.24.7' ],
52 silly audit   '@babel/plugin-transform-dotall-regex': [ '7.24.7' ],
52 silly audit   '@babel/plugin-transform-duplicate-keys': [ '7.24.7' ],
52 silly audit   '@babel/plugin-transform-dynamic-import': [ '7.24.7' ],
52 silly audit   '@babel/plugin-transform-exponentiation-operator': [ '7.24.7' ],
52 silly audit   '@babel/plugin-transform-export-namespace-from': [ '7.24.7' ],
52 silly audit   '@babel/plugin-transform-for-of': [ '7.24.7' ],
52 silly audit   '@babel/plugin-transform-function-name': [ '7.24.7' ],
52 silly audit   '@babel/plugin-transform-json-strings': [ '7.24.7' ],
52 silly audit   '@babel/plugin-transform-literals': [ '7.24.7' ],
52 silly audit   '@babel/plugin-transform-logical-assignment-operators': [ '7.24.7' ],
52 silly audit   '@babel/plugin-transform-member-expression-literals': [ '7.24.7' ],
52 silly audit   '@babel/plugin-transform-modules-amd': [ '7.24.7' ],
52 silly audit   '@babel/plugin-transform-modules-commonjs': [ '7.24.7' ],
52 silly audit   '@babel/plugin-transform-modules-systemjs': [ '7.24.7' ],
52 silly audit   '@babel/plugin-transform-modules-umd': [ '7.24.7' ],
52 silly audit   '@babel/plugin-transform-named-capturing-groups-regex': [ '7.24.7' ],
52 silly audit   '@babel/plugin-transform-new-target': [ '7.24.7' ],
52 silly audit   '@babel/plugin-transform-nullish-coalescing-operator': [ '7.24.7' ],
52 silly audit   '@babel/plugin-transform-numeric-separator': [ '7.24.7' ],
52 silly audit   '@babel/plugin-transform-object-rest-spread': [ '7.24.7' ],
52 silly audit   '@babel/plugin-transform-object-super': [ '7.24.7' ],
52 silly audit   '@babel/plugin-transform-optional-catch-binding': [ '7.24.7' ],
52 silly audit   '@babel/plugin-transform-optional-chaining': [ '7.24.7' ],
52 silly audit   '@babel/plugin-transform-parameters': [ '7.24.7' ],
52 silly audit   '@babel/plugin-transform-private-methods': [ '7.24.7' ],
52 silly audit   '@babel/plugin-transform-private-property-in-object': [ '7.24.7' ],
52 silly audit   '@babel/plugin-transform-property-literals': [ '7.24.7' ],
52 silly audit   '@babel/plugin-transform-regenerator': [ '7.24.7' ],
52 silly audit   '@babel/plugin-transform-reserved-words': [ '7.24.7' ],
52 silly audit   '@babel/plugin-transform-runtime': [ '7.22.9' ],
52 silly audit   '@babel/plugin-transform-shorthand-properties': [ '7.24.7' ],
52 silly audit   '@babel/plugin-transform-spread': [ '7.24.7' ],
52 silly audit   '@babel/plugin-transform-sticky-regex': [ '7.24.7' ],
52 silly audit   '@babel/plugin-transform-template-literals': [ '7.24.7' ],
52 silly audit   '@babel/plugin-transform-typeof-symbol': [ '7.24.7' ],
52 silly audit   '@babel/plugin-transform-unicode-escapes': [ '7.24.7' ],
52 silly audit   '@babel/plugin-transform-unicode-property-regex': [ '7.24.7' ],
52 silly audit   '@babel/plugin-transform-unicode-regex': [ '7.24.7' ],
52 silly audit   '@babel/plugin-transform-unicode-sets-regex': [ '7.24.7' ],
52 silly audit   '@babel/preset-env': [ '7.22.9' ],
52 silly audit   '@babel/preset-modules': [ '0.1.6' ],
52 silly audit   '@babel/regjsgen': [ '0.8.0' ],
52 silly audit   '@babel/runtime': [ '7.22.6' ],
52 silly audit   '@babel/traverse': [ '7.24.7' ],
52 silly audit   '@babel/types': [ '7.24.7' ],
52 silly audit   '@colors/colors': [ '1.5.0' ],
52 silly audit   '@discoveryjs/json-ext': [ '0.5.7' ],
52 silly audit   '@esbuild/android-arm': [ '0.18.17' ],
52 silly audit   '@esbuild/android-arm64': [ '0.18.17' ],
52 silly audit   '@esbuild/android-x64': [ '0.18.17' ],
52 silly audit   '@esbuild/darwin-arm64': [ '0.18.17' ],
52 silly audit   '@esbuild/darwin-x64': [ '0.18.17' ],
52 silly audit   '@esbuild/freebsd-arm64': [ '0.18.17' ],
52 silly audit   '@esbuild/freebsd-x64': [ '0.18.17' ],
52 silly audit   '@esbuild/linux-arm': [ '0.18.17' ],
52 silly audit   '@esbuild/linux-arm64': [ '0.18.17' ],
52 silly audit   '@esbuild/linux-ia32': [ '0.18.17' ],
52 silly audit   '@esbuild/linux-loong64': [ '0.18.17' ],
52 silly audit   '@esbuild/linux-mips64el': [ '0.18.17' ],
52 silly audit   '@esbuild/linux-ppc64': [ '0.18.17' ],
52 silly audit   '@esbuild/linux-riscv64': [ '0.18.17' ],
52 silly audit   '@esbuild/linux-s390x': [ '0.18.17' ],
52 silly audit   '@esbuild/linux-x64': [ '0.18.17' ],
52 silly audit   '@esbuild/netbsd-x64': [ '0.18.17' ],
52 silly audit   '@esbuild/openbsd-x64': [ '0.18.17' ],
52 silly audit   '@esbuild/sunos-x64': [ '0.18.17' ],
52 silly audit   '@esbuild/win32-arm64': [ '0.18.17' ],
52 silly audit   '@esbuild/win32-ia32': [ '0.18.17' ],
52 silly audit   '@esbuild/win32-x64': [ '0.18.17' ],
52 silly audit   '@gar/promisify': [ '1.1.3' ],
52 silly audit   '@isaacs/cliui': [ '8.0.2' ],
52 silly audit   'ansi-regex': [ '6.0.1', '5.0.1' ],
52 silly audit   'ansi-styles': [ '6.2.1', '4.3.0', '3.2.1' ],
52 silly audit   'emoji-regex': [ '9.2.2', '8.0.0' ],
52 silly audit   'string-width': [ '5.1.2', '4.2.3' ],
52 silly audit   'strip-ansi': [ '7.1.0', '6.0.1' ],
52 silly audit   'wrap-ansi': [ '8.1.0', '7.0.0' ],
52 silly audit   '@istanbuljs/load-nyc-config': [ '1.1.0' ],
52 silly audit   '@istanbuljs/schema': [ '0.1.3' ],
52 silly audit   '@jridgewell/gen-mapping': [ '0.3.5' ],
52 silly audit   '@jridgewell/resolve-uri': [ '3.1.2' ],
52 silly audit   '@jridgewell/set-array': [ '1.2.1' ],
52 silly audit   '@jridgewell/source-map': [ '0.3.6' ],
52 silly audit   '@jridgewell/sourcemap-codec': [ '1.4.15' ],
52 silly audit   '@jridgewell/trace-mapping': [ '0.3.25' ],
52 silly audit   '@leichtgewicht/ip-codec': [ '2.0.5' ],
52 silly audit   '@material/animation': [ '15.0.0-canary.bc9ae6c9c.0' ],
52 silly audit   '@material/auto-init': [ '15.0.0-canary.bc9ae6c9c.0' ],
52 silly audit   '@material/banner': [ '15.0.0-canary.bc9ae6c9c.0' ],
52 silly audit   '@material/base': [ '15.0.0-canary.bc9ae6c9c.0' ],
52 silly audit   '@material/button': [ '15.0.0-canary.bc9ae6c9c.0' ],
52 silly audit   '@material/card': [ '15.0.0-canary.bc9ae6c9c.0' ],
52 silly audit   '@material/checkbox': [ '15.0.0-canary.bc9ae6c9c.0' ],
52 silly audit   '@material/chips': [ '15.0.0-canary.bc9ae6c9c.0' ],
52 silly audit   '@material/circular-progress': [ '15.0.0-canary.bc9ae6c9c.0' ],
52 silly audit   '@material/data-table': [ '15.0.0-canary.bc9ae6c9c.0' ],
52 silly audit   '@material/density': [ '15.0.0-canary.bc9ae6c9c.0' ],
52 silly audit   '@material/dialog': [ '15.0.0-canary.bc9ae6c9c.0' ],
52 silly audit   '@material/dom': [ '15.0.0-canary.bc9ae6c9c.0' ],
52 silly audit   '@material/drawer': [ '15.0.0-canary.bc9ae6c9c.0' ],
52 silly audit   '@material/elevation': [ '15.0.0-canary.bc9ae6c9c.0' ],
52 silly audit   '@material/fab': [ '15.0.0-canary.bc9ae6c9c.0' ],
52 silly audit   '@material/feature-targeting': [ '15.0.0-canary.bc9ae6c9c.0' ],
52 silly audit   '@material/floating-label': [ '15.0.0-canary.bc9ae6c9c.0' ],
52 silly audit   '@material/focus-ring': [ '15.0.0-canary.bc9ae6c9c.0' ],
52 silly audit   '@material/form-field': [ '15.0.0-canary.bc9ae6c9c.0' ],
52 silly audit   '@material/icon-button': [ '15.0.0-canary.bc9ae6c9c.0' ],
52 silly audit   '@material/image-list': [ '15.0.0-canary.bc9ae6c9c.0' ],
52 silly audit   '@material/layout-grid': [ '15.0.0-canary.bc9ae6c9c.0' ],
52 silly audit   '@material/line-ripple': [ '15.0.0-canary.bc9ae6c9c.0' ],
52 silly audit   '@material/linear-progress': [ '15.0.0-canary.bc9ae6c9c.0' ],
52 silly audit   '@material/list': [ '15.0.0-canary.bc9ae6c9c.0' ],
52 silly audit   '@material/menu': [ '15.0.0-canary.bc9ae6c9c.0' ],
52 silly audit   '@material/menu-surface': [ '15.0.0-canary.bc9ae6c9c.0' ],
52 silly audit   '@material/notched-outline': [ '15.0.0-canary.bc9ae6c9c.0' ],
52 silly audit   '@material/progress-indicator': [ '15.0.0-canary.bc9ae6c9c.0' ],
52 silly audit   '@material/radio': [ '15.0.0-canary.bc9ae6c9c.0' ],
52 silly audit   '@material/ripple': [ '15.0.0-canary.bc9ae6c9c.0' ],
52 silly audit   '@material/rtl': [ '15.0.0-canary.bc9ae6c9c.0' ],
52 silly audit   '@material/segmented-button': [ '15.0.0-canary.bc9ae6c9c.0' ],
52 silly audit   '@material/select': [ '15.0.0-canary.bc9ae6c9c.0' ],
52 silly audit   '@material/shape': [ '15.0.0-canary.bc9ae6c9c.0' ],
52 silly audit   '@material/slider': [ '15.0.0-canary.bc9ae6c9c.0' ],
52 silly audit   '@material/snackbar': [ '15.0.0-canary.bc9ae6c9c.0' ],
52 silly audit   '@material/switch': [ '15.0.0-canary.bc9ae6c9c.0' ],
52 silly audit   '@material/tab': [ '15.0.0-canary.bc9ae6c9c.0' ],
52 silly audit   '@material/tab-bar': [ '15.0.0-canary.bc9ae6c9c.0' ],
52 silly audit   '@material/tab-indicator': [ '15.0.0-canary.bc9ae6c9c.0' ],
52 silly audit   '@material/tab-scroller': [ '15.0.0-canary.bc9ae6c9c.0' ],
52 silly audit   '@material/textfield': [ '15.0.0-canary.bc9ae6c9c.0' ],
52 silly audit   '@material/theme': [ '15.0.0-canary.bc9ae6c9c.0' ],
52 silly audit   '@material/tokens': [ '15.0.0-canary.bc9ae6c9c.0' ],
52 silly audit   '@material/tooltip': [ '15.0.0-canary.bc9ae6c9c.0' ],
52 silly audit   '@material/top-app-bar': [ '15.0.0-canary.bc9ae6c9c.0' ],
52 silly audit   '@material/touch-target': [ '15.0.0-canary.bc9ae6c9c.0' ],
52 silly audit   '@material/typography': [ '15.0.0-canary.bc9ae6c9c.0' ],
52 silly audit   '@ngtools/webpack': [ '16.2.14' ],
52 silly audit   '@nodelib/fs.scandir': [ '2.1.5' ],
52 silly audit   '@nodelib/fs.stat': [ '2.0.5' ],
52 silly audit   '@nodelib/fs.walk': [ '1.2.8' ],
52 silly audit   '@npmcli/fs': [ '3.1.1', '2.1.2' ],
52 silly audit   '@npmcli/git': [ '4.1.0' ],
52 silly audit   which: [ '3.0.1', '2.0.2', '1.3.1' ],
52 silly audit   '@npmcli/installed-package-contents': [ '2.1.0' ],
52 silly audit   '@npmcli/move-file': [ '2.0.1' ],
52 silly audit   mkdirp: [ '1.0.4', '0.5.6' ],
52 silly audit   '@npmcli/node-gyp': [ '3.0.0' ],
52 silly audit   '@npmcli/promise-spawn': [ '6.0.2' ],
52 silly audit   '@npmcli/run-script': [ '6.0.2' ],
52 silly audit   '@pkgjs/parseargs': [ '0.11.0' ],
52 silly audit   '@schematics/angular': [ '16.0.6' ],
52 silly audit   '@sigstore/bundle': [ '1.1.0' ],
52 silly audit   '@sigstore/protobuf-specs': [ '0.2.1' ],
52 silly audit   '@sigstore/sign': [ '1.0.0' ],
52 silly audit   '@tootallnate/once': [ '2.0.0', '1.1.2' ],
52 silly audit   'http-proxy-agent': [ '5.0.0', '4.0.1' ],
52 silly audit   'make-fetch-happen': [ '11.1.1', '10.2.1' ],
52 silly audit   'minipass-fetch': [ '3.0.5', '2.1.2' ],
52 silly audit   minipass: [ '7.1.2', '3.3.6', '5.0.0' ],
52 silly audit   '@sigstore/tuf': [ '1.0.3' ],
52 silly audit   '@socket.io/component-emitter': [ '3.1.2' ],
52 silly audit   '@tufjs/canonical-json': [ '1.0.0' ],
52 silly audit   '@tufjs/models': [ '1.0.4' ],
52 silly audit   'brace-expansion': [ '2.0.1', '1.1.11' ],
52 silly audit   minimatch: [ '9.0.4', '5.1.6', '3.1.2' ],
52 silly audit   '@types/body-parser': [ '1.19.5' ],
52 silly audit   '@types/bonjour': [ '3.5.13' ],
52 silly audit   '@types/connect': [ '3.4.38' ],
52 silly audit   '@types/connect-history-api-fallback': [ '1.5.4' ],
52 silly audit   '@types/cookie': [ '0.4.1' ],
52 silly audit   '@types/cors': [ '2.8.17' ],
52 silly audit   '@types/eslint': [ '8.56.10' ],
52 silly audit   '@types/eslint-scope': [ '3.7.7' ],
52 silly audit   '@types/estree': [ '1.0.5' ],
52 silly audit   '@types/express': [ '4.17.21' ],
52 silly audit   '@types/express-serve-static-core': [ '4.19.3' ],
52 silly audit   '@types/http-errors': [ '2.0.4' ],
52 silly audit   '@types/http-proxy': [ '1.17.14' ],
52 silly audit   '@types/jasmine': [ '4.3.6' ],
52 silly audit   '@types/json-schema': [ '7.0.15' ],
52 silly audit   '@types/mime': [ '1.3.5' ],
52 silly audit   '@types/node': [ '20.14.5' ],
52 silly audit   '@types/node-forge': [ '1.3.11' ],
52 silly audit   '@types/qs': [ '6.9.15' ],
52 silly audit   '@types/range-parser': [ '1.2.7' ],
52 silly audit   '@types/retry': [ '0.12.0' ],
52 silly audit   '@types/send': [ '0.17.4' ],
52 silly audit   '@types/serve-index': [ '1.9.4' ],
52 silly audit   '@types/serve-static': [ '1.15.7' ],
52 silly audit   '@types/sockjs': [ '0.3.36' ],
52 silly audit   '@types/ws': [ '8.5.10' ],
52 silly audit   '@vitejs/plugin-basic-ssl': [ '1.0.1' ],
52 silly audit   '@webassemblyjs/ast': [ '1.12.1' ],
52 silly audit   '@webassemblyjs/floating-point-hex-parser': [ '1.11.6' ],
52 silly audit   '@webassemblyjs/helper-api-error': [ '1.11.6' ],
52 silly audit   '@webassemblyjs/helper-buffer': [ '1.12.1' ],
52 silly audit   '@webassemblyjs/helper-numbers': [ '1.11.6' ],
52 silly audit   '@webassemblyjs/helper-wasm-bytecode': [ '1.11.6' ],
52 silly audit   '@webassemblyjs/helper-wasm-section': [ '1.12.1' ],
52 silly audit   '@webassemblyjs/ieee754': [ '1.11.6' ],
52 silly audit   '@webassemblyjs/leb128': [ '1.11.6' ],
52 silly audit   '@webassemblyjs/utf8': [ '1.11.6' ],
52 silly audit   '@webassemblyjs/wasm-edit': [ '1.12.1' ],
52 silly audit   '@webassemblyjs/wasm-gen': [ '1.12.1' ],
52 silly audit   '@webassemblyjs/wasm-opt': [ '1.12.1' ],
52 silly audit   '@webassemblyjs/wasm-parser': [ '1.12.1' ],
52 silly audit   '@webassemblyjs/wast-printer': [ '1.12.1' ],
52 silly audit   '@wessberg/ts-evaluator': [ '0.0.27' ],
52 silly audit   chalk: [ '4.1.2', '2.4.2' ],
52 silly audit   'color-convert': [ '2.0.1', '1.9.3' ],
52 silly audit   'color-name': [ '1.1.4', '1.1.3' ],
52 silly audit   'has-flag': [ '4.0.0', '3.0.0' ],
52 silly audit   'supports-color': [ '7.2.0', '8.1.1', '5.5.0' ],
52 silly audit   '@xtuc/ieee754': [ '1.2.0' ],
52 silly audit   '@xtuc/long': [ '4.2.2' ],
52 silly audit   '@yarnpkg/lockfile': [ '1.1.0' ],
52 silly audit   abab: [ '2.0.6' ],
52 silly audit   abbrev: [ '1.1.1' ],
52 silly audit   accepts: [ '1.3.8' ],
52 silly audit   acorn: [ '8.12.0', '7.4.1' ],
52 silly audit   'acorn-globals': [ '6.0.0' ],
52 silly audit   'acorn-import-assertions': [ '1.9.0' ],
52 silly audit   'acorn-walk': [ '7.2.0' ],
52 silly audit   'adjust-sourcemap-loader': [ '4.0.0' ],
52 silly audit   'loader-utils': [ '2.0.4', '3.2.1' ],
52 silly audit   'agent-base': [ '6.0.2' ],
52 silly audit   agentkeepalive: [ '4.5.0' ],
52 silly audit   'aggregate-error': [ '3.1.0' ],
52 silly audit   ajv: [ '8.12.0', '6.12.6' ],
52 silly audit   'ajv-formats': [ '2.1.1' ],
52 silly audit   'ajv-keywords': [ '5.1.0', '3.5.2' ],
52 silly audit   'ansi-colors': [ '4.1.3' ],
52 silly audit   'ansi-escapes': [ '4.3.2' ],
52 silly audit   'ansi-html-community': [ '0.0.8' ],
52 silly audit   anymatch: [ '3.1.3' ],
52 silly audit   aproba: [ '2.0.0' ],
52 silly audit   'are-we-there-yet': [ '3.0.1' ],
52 silly audit   argparse: [ '1.0.10', '2.0.1' ],
52 silly audit   'array-flatten': [ '1.1.1' ],
52 silly audit   asynckit: [ '0.4.0' ],
52 silly audit   autoprefixer: [ '10.4.14' ],
52 silly audit   'babel-loader': [ '9.1.3' ],
52 silly audit   'babel-plugin-istanbul': [ '6.1.1' ],
52 silly audit   'babel-plugin-polyfill-corejs2': [ '0.4.11' ],
52 silly audit   'babel-plugin-polyfill-corejs3': [ '0.8.7' ],
52 silly audit   'babel-plugin-polyfill-regenerator': [ '0.5.5' ],
52 silly audit   'balanced-match': [ '1.0.2' ],
52 silly audit   'base64-js': [ '1.5.1' ],
52 silly audit   base64id: [ '2.0.0' ],
52 silly audit   batch: [ '0.6.1' ],
52 silly audit   'big.js': [ '5.2.2' ],
52 silly audit   'binary-extensions': [ '2.3.0' ],
52 silly audit   bl: [ '4.1.0' ],
52 silly audit   'body-parser': [ '1.20.2' ],
52 silly audit   debug: [ '2.6.9', '4.3.5' ],
52 silly audit   ms: [ '2.0.0', '2.1.2', '2.1.3' ],
52 silly audit   'bonjour-service': [ '1.2.1' ],
52 silly audit   boolbase: [ '1.0.0' ],
52 silly audit   braces: [ '3.0.3' ],
52 silly audit   'browser-process-hrtime': [ '1.0.0' ],
52 silly audit   browserslist: [ '4.23.1' ],
52 silly audit   buffer: [ '5.7.1' ],
52 silly audit   'buffer-from': [ '1.1.2' ],
52 silly audit   bytes: [ '3.1.2', '3.0.0' ],
52 silly audit   cacache: [ '17.1.4', '16.1.3' ],
52 silly audit   glob: [ '10.4.1', '7.2.3', '8.1.0' ],
52 silly audit   'call-bind': [ '1.0.7' ],
52 silly audit   callsites: [ '3.1.0' ],
52 silly audit   camelcase: [ '5.3.1' ],
52 silly audit   'caniuse-lite': [ '1.0.30001636' ],
52 silly audit   chardet: [ '0.7.0' ],
52 silly audit   chokidar: [ '3.5.3' ],
52 silly audit   chownr: [ '2.0.0' ],
52 silly audit   'chrome-trace-event': [ '1.0.4' ],
52 silly audit   'clean-stack': [ '2.2.0' ],
52 silly audit   'cli-cursor': [ '3.1.0' ],
52 silly audit   'cli-spinners': [ '2.9.2' ],
52 silly audit   'cli-width': [ '3.0.0' ],
52 silly audit   cliui: [ '8.0.1', '7.0.4' ],
52 silly audit   clone: [ '1.0.4' ],
52 silly audit   'clone-deep': [ '4.0.1' ],
52 silly audit   'color-support': [ '1.1.3' ],
52 silly audit   colorette: [ '2.0.20' ],
52 silly audit   'combined-stream': [ '1.0.8' ],
52 silly audit   commander: [ '2.20.3' ],
52 silly audit   'common-path-prefix': [ '3.0.0' ],
52 silly audit   compressible: [ '2.0.18' ],
52 silly audit   compression: [ '1.7.4' ],
52 silly audit   'safe-buffer': [ '5.1.2', '5.2.1' ],
52 silly audit   'concat-map': [ '0.0.1' ],
52 silly audit   connect: [ '3.7.0' ],
52 silly audit   'connect-history-api-fallback': [ '2.0.0' ],
52 silly audit   'console-control-strings': [ '1.1.0' ],
52 silly audit   'content-disposition': [ '0.5.4' ],
52 silly audit   'content-type': [ '1.0.5' ],
52 silly audit   cookie: [ '0.4.2', '0.6.0' ],
52 silly audit   'cookie-signature': [ '1.0.6' ],
52 silly audit   'copy-anything': [ '2.0.6' ],
52 silly audit   'copy-webpack-plugin': [ '11.0.0' ],
52 silly audit   'glob-parent': [ '6.0.2', '5.1.2' ],
52 silly audit   'core-js-compat': [ '3.37.1' ],
52 silly audit   'core-util-is': [ '1.0.3' ],
52 silly audit   cors: [ '2.8.5' ],
52 silly audit   cosmiconfig: [ '8.3.6' ],
52 silly audit   'js-yaml': [ '4.1.0', '3.14.1' ],
52 silly audit   critters: [ '0.0.20' ],
52 silly audit   'cross-spawn': [ '7.0.3' ],
52 silly audit   'css-loader': [ '6.8.1' ],
52 silly audit   'css-select': [ '5.1.0' ],
52 silly audit   'css-what': [ '6.1.0' ],
52 silly audit   cssesc: [ '3.0.0' ],
52 silly audit   cssom: [ '0.4.4', '0.3.8' ],
52 silly audit   cssstyle: [ '2.3.0' ],
52 silly audit   'custom-event': [ '1.0.1' ],
52 silly audit   'data-urls': [ '2.0.0' ],
52 silly audit   'date-fns': [ '2.30.0' ],
52 silly audit   'date-format': [ '4.0.14' ],
52 silly audit   'decimal.js': [ '10.4.3' ],
52 silly audit   'default-gateway': [ '6.0.3' ],
52 silly audit   defaults: [ '1.0.4' ],
52 silly audit   'define-data-property': [ '1.1.4' ],
52 silly audit   'define-lazy-prop': [ '2.0.0' ],
52 silly audit   'delayed-stream': [ '1.0.0' ],
52 silly audit   delegates: [ '1.0.0' ],
52 silly audit   depd: [ '2.0.0', '1.1.2' ],
52 silly audit   destroy: [ '1.2.0' ],
52 silly audit   'detect-node': [ '2.1.0' ],
52 silly audit   di: [ '0.0.1' ],
52 silly audit   'dir-glob': [ '3.0.1' ],
52 silly audit   'dns-packet': [ '5.6.1' ],
52 silly audit   'dom-serialize': [ '2.2.1' ],
52 silly audit   'dom-serializer': [ '2.0.0' ],
52 silly audit   domelementtype: [ '2.3.0' ],
52 silly audit   domexception: [ '2.0.1' ],
52 silly audit   'webidl-conversions': [ '5.0.0', '6.1.0' ],
52 silly audit   domhandler: [ '5.0.3' ],
52 silly audit   domutils: [ '3.1.0' ],
52 silly audit   eastasianwidth: [ '0.2.0' ],
52 silly audit   'ee-first': [ '1.1.1' ],
52 silly audit   'electron-to-chromium': [ '1.4.805' ],
52 silly audit   'emojis-list': [ '3.0.0' ],
52 silly audit   encodeurl: [ '1.0.2' ],
52 silly audit   encoding: [ '0.1.13' ],
52 silly audit   'iconv-lite': [ '0.6.3', '0.4.24' ],
52 silly audit   'engine.io': [ '6.5.5' ],
52 silly audit   'engine.io-parser': [ '5.2.2' ],
52 silly audit   ws: [ '8.17.1', '7.5.10' ],
52 silly audit   'enhanced-resolve': [ '5.17.0' ],
52 silly audit   ent: [ '2.2.0' ],
52 silly audit   entities: [ '4.5.0' ],
52 silly audit   'env-paths': [ '2.2.1' ],
52 silly audit   'err-code': [ '2.0.3' ],
52 silly audit   errno: [ '0.1.8' ],
52 silly audit   'error-ex': [ '1.3.2' ],
52 silly audit   'es-define-property': [ '1.0.0' ],
52 silly audit   'es-errors': [ '1.3.0' ],
52 silly audit   'es-module-lexer': [ '1.5.3' ],
52 silly audit   esbuild: [ '0.18.17' ],
52 silly audit   'esbuild-wasm': [ '0.18.17' ],
52 silly audit   escalade: [ '3.1.2' ],
52 silly audit   'escape-html': [ '1.0.3' ],
52 silly audit   'escape-string-regexp': [ '1.0.5' ],
52 silly audit   escodegen: [ '2.1.0' ],
52 silly audit   'source-map': [ '0.6.1', '0.7.4' ],
52 silly audit   'eslint-scope': [ '5.1.1' ],
52 silly audit   estraverse: [ '4.3.0', '5.3.0' ],
52 silly audit   esprima: [ '4.0.1' ],
52 silly audit   esrecurse: [ '4.3.0' ],
52 silly audit   esutils: [ '2.0.3' ],
52 silly audit   etag: [ '1.8.1' ],
52 silly audit   'eventemitter-asyncresource': [ '1.0.0' ],
52 silly audit   eventemitter3: [ '4.0.7' ],
52 silly audit   events: [ '3.3.0' ],
52 silly audit   execa: [ '5.1.1' ],
52 silly audit   'exponential-backoff': [ '3.1.1' ],
52 silly audit   express: [ '4.19.2' ],
52 silly audit   finalhandler: [ '1.2.0', '1.1.2' ],
52 silly audit   statuses: [ '2.0.1', '1.5.0' ],
52 silly audit   extend: [ '3.0.2' ],
52 silly audit   'external-editor': [ '3.1.0' ],
52 silly audit   'fast-deep-equal': [ '3.1.3' ],
52 silly audit   'fast-glob': [ '3.3.1' ],
52 silly audit   'fast-json-stable-stringify': [ '2.1.0' ],
52 silly audit   fastq: [ '1.17.1' ],
52 silly audit   'faye-websocket': [ '0.11.4' ],
52 silly audit   figures: [ '3.2.0' ],
52 silly audit   'fill-range': [ '7.1.1' ],
52 silly audit   'on-finished': [ '2.3.0', '2.4.1' ],
52 silly audit   'find-cache-dir': [ '4.0.0' ],
52 silly audit   'find-up': [ '4.1.0', '6.3.0' ],
52 silly audit   flatted: [ '3.3.1' ],
52 silly audit   'follow-redirects': [ '1.15.6' ],
52 silly audit   'foreground-child': [ '3.2.1' ],
52 silly audit   'signal-exit': [ '4.1.0', '3.0.7' ],
52 silly audit   'form-data': [ '3.0.1' ],
52 silly audit   forwarded: [ '0.2.0' ],
52 silly audit   'fraction.js': [ '4.3.7' ],
52 silly audit   fresh: [ '0.5.2' ],
52 silly audit   'fs-extra': [ '8.1.0' ],
52 silly audit   'fs-minipass': [ '3.0.3', '2.1.0' ],
52 silly audit   'fs-monkey': [ '1.0.6' ],
52 silly audit   'fs.realpath': [ '1.0.0' ],
52 silly audit   fsevents: [ '2.3.3' ],
52 silly audit   'function-bind': [ '1.1.2' ],
52 silly audit   gauge: [ '4.0.4' ],
52 silly audit   gensync: [ '1.0.0-beta.2' ],
52 silly audit   'get-caller-file': [ '2.0.5' ],
52 silly audit   'get-intrinsic': [ '1.2.4' ],
52 silly audit   'get-package-type': [ '0.1.0' ],
52 silly audit   'get-stream': [ '6.0.1' ],
52 silly audit   'glob-to-regexp': [ '0.4.1' ],
52 silly audit   globals: [ '11.12.0' ],
52 silly audit   globby: [ '13.2.2' ],
52 silly audit   gopd: [ '1.0.1' ],
52 silly audit   'graceful-fs': [ '4.2.11' ],
52 silly audit   'guess-parser': [ '0.4.22' ],
52 silly audit   'handle-thing': [ '2.0.1' ],
52 silly audit   'has-property-descriptors': [ '1.0.2' ],
52 silly audit   'has-proto': [ '1.0.3' ],
52 silly audit   'has-symbols': [ '1.0.3' ],
52 silly audit   'has-unicode': [ '2.0.1' ],
52 silly audit   hasown: [ '2.0.2' ],
52 silly audit   'hdr-histogram-js': [ '2.0.3' ],
52 silly audit   'hdr-histogram-percentiles-obj': [ '3.0.0' ],
52 silly audit   'hosted-git-info': [ '6.1.1' ],
52 silly audit   'hpack.js': [ '2.1.6' ],
52 silly audit   'readable-stream': [ '2.3.8', '3.6.2' ],
52 silly audit   string_decoder: [ '1.1.1', '1.3.0' ],
52 silly audit   'html-encoding-sniffer': [ '2.0.1' ],
52 silly audit   'html-entities': [ '2.5.2' ],
52 silly audit   'html-escaper': [ '2.0.2' ],
52 silly audit   htmlparser2: [ '8.0.2' ],
52 silly audit   'http-cache-semantics': [ '4.1.1' ],
52 silly audit   'http-deceiver': [ '1.2.7' ],
52 silly audit   'http-errors': [ '2.0.0', '1.6.3' ],
52 silly audit   'http-parser-js': [ '0.5.8' ],
52 silly audit   'http-proxy': [ '1.18.1' ],
52 silly audit   'http-proxy-middleware': [ '2.0.6' ],
52 silly audit   'https-proxy-agent': [ '5.0.1' ],
52 silly audit   'human-signals': [ '2.1.0' ],
52 silly audit   'humanize-ms': [ '1.2.1' ],
52 silly audit   'icss-utils': [ '5.1.0' ],
52 silly audit   ieee754: [ '1.2.1' ],
52 silly audit   ignore: [ '5.3.1' ],
52 silly audit   'ignore-walk': [ '6.0.5' ],
52 silly audit   'image-size': [ '0.5.5' ],
52 silly audit   immutable: [ '4.3.6' ],
52 silly audit   'import-fresh': [ '3.3.0' ],
52 silly audit   'resolve-from': [ '4.0.0', '5.0.0' ],
52 silly audit   imurmurhash: [ '0.1.4' ],
52 silly audit   'indent-string': [ '4.0.0' ],
52 silly audit   'infer-owner': [ '1.0.4' ],
52 silly audit   inflight: [ '1.0.6' ],
52 silly audit   inherits: [ '2.0.4', '2.0.3' ],
52 silly audit   ini: [ '4.0.0' ],
52 silly audit   inquirer: [ '8.2.4' ],
52 silly audit   'ip-address': [ '9.0.5' ],
52 silly audit   'sprintf-js': [ '1.1.3', '1.0.3' ],
52 silly audit   'ipaddr.js': [ '2.2.0', '1.9.1' ],
52 silly audit   'is-arrayish': [ '0.2.1' ],
52 silly audit   'is-binary-path': [ '2.1.0' ],
52 silly audit   'is-core-module': [ '2.13.1' ],
52 silly audit   'is-docker': [ '2.2.1' ],
52 silly audit   'is-extglob': [ '2.1.1' ],
52 silly audit   'is-fullwidth-code-point': [ '3.0.0' ],
52 silly audit   'is-glob': [ '4.0.3' ],
52 silly audit   'is-interactive': [ '1.0.0' ],
52 silly audit   'is-lambda': [ '1.0.1' ],
52 silly audit   'is-number': [ '7.0.0' ],
52 silly audit   'is-plain-obj': [ '3.0.0' ],
52 silly audit   'is-plain-object': [ '2.0.4' ],
52 silly audit   'is-potential-custom-element-name': [ '1.0.1' ],
52 silly audit   'is-stream': [ '2.0.1' ],
52 silly audit   'is-unicode-supported': [ '0.1.0' ],
52 silly audit   'is-what': [ '3.14.1' ],
52 silly audit   'is-wsl': [ '2.2.0' ],
52 silly audit   isarray: [ '1.0.0' ],
52 silly audit   isbinaryfile: [ '4.0.10' ],
52 silly audit   isexe: [ '2.0.0' ],
52 silly audit   isobject: [ '3.0.1' ],
52 silly audit   'istanbul-lib-coverage': [ '3.2.2' ],
52 silly audit   'istanbul-lib-instrument': [ '5.2.1' ],
52 silly audit   'istanbul-lib-report': [ '3.0.1' ],
52 silly audit   'istanbul-lib-source-maps': [ '4.0.1' ],
52 silly audit   'istanbul-reports': [ '3.1.7' ],
52 silly audit   jackspeak: [ '3.4.0' ],
52 silly audit   'jasmine-core': [ '4.6.1' ],
52 silly audit   'jest-worker': [ '27.5.1' ],
52 silly audit   jiti: [ '1.21.6' ],
52 silly audit   'js-tokens': [ '4.0.0' ],
52 silly audit   jsbn: [ '1.1.0' ],
52 silly audit   jsdom: [ '16.7.0' ],
52 silly audit   jsesc: [ '2.5.2', '0.5.0' ],
52 silly audit   'json-parse-even-better-errors': [ '2.3.1', '3.0.2' ],
52 silly audit   'json-schema-traverse': [ '1.0.0', '0.4.1' ],
52 silly audit   json5: [ '2.2.3' ],
52 silly audit   'jsonc-parser': [ '3.2.0' ],
52 silly audit   jsonfile: [ '4.0.0' ],
52 silly audit   jsonparse: [ '1.3.1' ],
52 silly audit   'jwt-decode': [ '4.0.0' ],
52 silly audit   karma: [ '6.4.3' ],
52 silly audit   'karma-chrome-launcher': [ '3.2.0' ],
52 silly audit   'karma-coverage': [ '2.2.1' ],
52 silly audit   'karma-jasmine': [ '5.1.0' ],
52 silly audit   'karma-jasmine-html-reporter': [ '2.0.0' ],
52 silly audit   'karma-source-map-support': [ '1.4.0' ],
52 silly audit   tmp: [ '0.2.3', '0.0.33' ],
52 silly audit   yargs: [ '16.2.0', '17.7.2' ],
52 silly audit   'yargs-parser': [ '20.2.9', '21.1.1' ],
52 silly audit   'kind-of': [ '6.0.3' ],
52 silly audit   klona: [ '2.0.6' ],
52 silly audit   'launch-editor': [ '2.7.0' ],
52 silly audit   less: [ '4.1.3' ],
52 silly audit   'less-loader': [ '11.1.0' ],
52 silly audit   'make-dir': [ '2.1.0', '4.0.0' ],
52 silly audit   mime: [ '1.6.0', '2.6.0' ],
52 silly audit   'license-webpack-plugin': [ '4.0.2' ],
52 silly audit   'lines-and-columns': [ '1.2.4' ],
52 silly audit   'loader-runner': [ '4.3.0' ],
52 silly audit   'locate-path': [ '5.0.0', '7.2.0' ],
52 silly audit   lodash: [ '4.17.21' ],
52 silly audit   'lodash.debounce': [ '4.0.8' ],
52 silly audit   'log-symbols': [ '4.1.0' ],
52 silly audit   log4js: [ '6.9.1' ],
52 silly audit   ssri: [ '9.0.1', '10.0.6' ],
52 silly audit   'unique-filename': [ '2.0.1', '3.0.0' ],
52 silly audit   'unique-slug': [ '3.0.0', '4.0.0' ],
52 silly audit   'media-typer': [ '0.3.0' ],
52 silly audit   memfs: [ '3.5.3' ],
52 silly audit   'merge-descriptors': [ '1.0.1' ],
52 silly audit   'merge-stream': [ '2.0.0' ],
52 silly audit   merge2: [ '1.4.1' ],
52 silly audit   methods: [ '1.1.2' ],
52 silly audit   micromatch: [ '4.0.7' ],
52 silly audit   'mime-db': [ '1.52.0' ],
52 silly audit   'mime-types': [ '2.1.35' ],
52 silly audit   'mimic-fn': [ '2.1.0' ],
52 silly audit   'mini-css-extract-plugin': [ '2.7.6' ],
52 silly audit   'minimalistic-assert': [ '1.0.1' ],
52 silly audit   minimist: [ '1.2.8' ],
52 silly audit   'minipass-collect': [ '1.0.2' ],
52 silly audit   'minipass-flush': [ '1.0.5' ],
52 silly audit   'minipass-json-stream': [ '1.0.1' ],
52 silly audit   'minipass-pipeline': [ '1.2.4' ],
52 silly audit   'minipass-sized': [ '1.0.3' ],
52 silly audit   minizlib: [ '2.1.2' ],
52 silly audit   mrmime: [ '1.0.1' ],
52 silly audit   'multicast-dns': [ '7.2.5' ],
52 silly audit   'mute-stream': [ '0.0.8' ],
52 silly audit   nanoid: [ '3.3.7' ],
52 silly audit   needle: [ '3.3.1' ],
52 silly audit   negotiator: [ '0.6.3' ],
52 silly audit   'neo-async': [ '2.6.2' ],
52 silly audit   'nice-napi': [ '1.0.2' ],
52 silly audit   'node-addon-api': [ '3.2.1' ],
52 silly audit   'node-forge': [ '1.3.1' ],
52 silly audit   'node-gyp': [ '9.4.1' ],
52 silly audit   'node-gyp-build': [ '4.8.1' ],
52 silly audit   'node-releases': [ '2.0.14' ],
52 silly audit   nopt: [ '6.0.0' ],
52 silly audit   'normalize-package-data': [ '5.0.0' ],
52 silly audit   'normalize-path': [ '3.0.0' ],
52 silly audit   'normalize-range': [ '0.1.2' ],
52 silly audit   'npm-bundled': [ '3.0.1' ],
52 silly audit   'npm-install-checks': [ '6.3.0' ],
52 silly audit   'npm-normalize-package-bin': [ '3.0.1' ],
52 silly audit   'npm-package-arg': [ '10.1.0' ],
52 silly audit   'npm-packlist': [ '7.0.4' ],
52 silly audit   'npm-pick-manifest': [ '8.0.1' ],
52 silly audit   'npm-registry-fetch': [ '14.0.5' ],
52 silly audit   'npm-run-path': [ '4.0.1' ],
52 silly audit   npmlog: [ '6.0.2' ],
52 silly audit   'nth-check': [ '2.1.1' ],
52 silly audit   nwsapi: [ '2.2.10' ],
52 silly audit   'object-assign': [ '4.1.1' ],
52 silly audit   'object-inspect': [ '1.13.1' ],
52 silly audit   'object-path': [ '0.11.8' ],
52 silly audit   obuf: [ '1.1.2' ],
52 silly audit   'on-headers': [ '1.0.2' ],
52 silly audit   once: [ '1.4.0' ],
52 silly audit   onetime: [ '5.1.2' ],
52 silly audit   open: [ '8.4.2' ],
52 silly audit   ora: [ '5.4.1' ],
52 silly audit   'os-tmpdir': [ '1.0.2' ],
52 silly audit   'p-limit': [ '2.3.0', '4.0.0' ],
52 silly audit   'p-locate': [ '4.1.0', '6.0.0' ],
52 silly audit   'p-map': [ '4.0.0' ],
52 silly audit   'p-retry': [ '4.6.2' ],
52 silly audit   retry: [ '0.13.1', '0.12.0' ],
52 silly audit   'p-try': [ '2.2.0' ],
52 silly audit   pacote: [ '15.1.3' ],
52 silly audit   pako: [ '1.0.11' ],
52 silly audit   'parent-module': [ '1.0.1' ],
52 silly audit   'parse-json': [ '5.2.0' ],
52 silly audit   'parse-node-version': [ '1.0.1' ],
52 silly audit   'parse5-html-rewriting-stream': [ '7.0.0' ],
52 silly audit   'parse5-sax-parser': [ '7.0.0' ],
52 silly audit   parseurl: [ '1.3.3' ],
52 silly audit   'path-exists': [ '4.0.0', '5.0.0' ],
52 silly audit   'path-is-absolute': [ '1.0.1' ],
52 silly audit   'path-key': [ '3.1.1' ],
52 silly audit   'path-parse': [ '1.0.7' ],
52 silly audit   'path-scurry': [ '1.11.1' ],
52 silly audit   'path-to-regexp': [ '0.1.7' ],
52 silly audit   'path-type': [ '4.0.0' ],
52 silly audit   picocolors: [ '1.0.1' ],
52 silly audit   picomatch: [ '2.3.1' ],
52 silly audit   pify: [ '4.0.1' ],
52 silly audit   piscina: [ '4.0.0' ],
52 silly audit   'pkg-dir': [ '7.0.0' ],
52 silly audit   postcss: [ '8.4.31' ],
52 silly audit   'postcss-loader': [ '7.3.3' ],
52 silly audit   'postcss-modules-extract-imports': [ '3.1.0' ],
52 silly audit   'postcss-modules-local-by-default': [ '4.0.5' ],
52 silly audit   'postcss-modules-scope': [ '3.2.0' ],
52 silly audit   'postcss-modules-values': [ '4.0.0' ],
52 silly audit   'postcss-selector-parser': [ '6.1.0' ],
52 silly audit   'postcss-value-parser': [ '4.2.0' ],
52 silly audit   'pretty-bytes': [ '5.6.0' ],
52 silly audit   'proc-log': [ '3.0.0' ],
52 silly audit   'process-nextick-args': [ '2.0.1' ],
52 silly audit   'promise-inflight': [ '1.0.1' ],
52 silly audit   'promise-retry': [ '2.0.1' ],
52 silly audit   'proxy-addr': [ '2.0.7' ],
52 silly audit   prr: [ '1.0.1' ],
52 silly audit   psl: [ '1.9.0' ],
52 silly audit   punycode: [ '2.3.1' ],
52 silly audit   qjobs: [ '1.2.0' ],
52 silly audit   qs: [ '6.11.0' ],
52 silly audit   querystringify: [ '2.2.0' ],
52 silly audit   'queue-microtask': [ '1.2.3' ],
52 silly audit   randombytes: [ '2.1.0' ],
52 silly audit   'range-parser': [ '1.2.1' ],
52 silly audit   'raw-body': [ '2.5.2' ],
52 silly audit   'read-package-json': [ '6.0.4' ],
52 silly audit   'read-package-json-fast': [ '3.0.2' ],
52 silly audit   readdirp: [ '3.6.0' ],
52 silly audit   'reflect-metadata': [ '0.1.14' ],
52 silly audit   regenerate: [ '1.4.2' ],
52 silly audit   'regenerate-unicode-properties': [ '10.1.1' ],
52 silly audit   'regenerator-runtime': [ '0.13.11' ],
52 silly audit   'regenerator-transform': [ '0.15.2' ],
52 silly audit   'regex-parser': [ '2.3.0' ],
52 silly audit   'regexpu-core': [ '5.3.2' ],
52 silly audit   regjsparser: [ '0.9.1' ],
52 silly audit   'require-directory': [ '2.1.1' ],
52 silly audit   'require-from-string': [ '2.0.2' ],
52 silly audit   'requires-port': [ '1.0.0' ],
52 silly audit   resolve: [ '1.22.2' ],
52 silly audit   'resolve-url-loader': [ '5.0.0' ],
52 silly audit   'restore-cursor': [ '3.1.0' ],
52 silly audit   reusify: [ '1.0.4' ],
52 silly audit   rfdc: [ '1.4.1' ],
52 silly audit   rimraf: [ '3.0.2' ],
52 silly audit   rollup: [ '3.29.4' ],
52 silly audit   'run-async': [ '2.4.1' ],
52 silly audit   'run-parallel': [ '1.2.0' ],
52 silly audit   rxjs: [ '7.8.1' ],
52 silly audit   'safer-buffer': [ '2.1.2' ],
52 silly audit   safevalues: [ '0.3.4' ],
52 silly audit   sass: [ '1.64.1' ],
52 silly audit   'sass-loader': [ '13.3.2' ],
52 silly audit   sax: [ '1.4.1' ],
52 silly audit   saxes: [ '5.0.1' ],
52 silly audit   'schema-utils': [ '4.2.0', '3.3.0' ],
52 silly audit   'select-hose': [ '2.0.0' ],
52 silly audit   selfsigned: [ '2.4.1' ],
52 silly audit   send: [ '0.18.0' ],
52 silly audit   'serialize-javascript': [ '6.0.2' ],
52 silly audit   'serve-index': [ '1.9.1' ],
52 silly audit   setprototypeof: [ '1.1.0', '1.2.0' ],
52 silly audit   'serve-static': [ '1.15.0' ],
52 silly audit   'set-blocking': [ '2.0.0' ],
52 silly audit   'set-function-length': [ '1.2.2' ],
52 silly audit   'shallow-clone': [ '3.0.1' ],
52 silly audit   'shebang-command': [ '2.0.0' ],
52 silly audit   'shebang-regex': [ '3.0.0' ],
52 silly audit   'shell-quote': [ '1.8.1' ],
52 silly audit   'side-channel': [ '1.0.6' ],
52 silly audit   sigstore: [ '1.9.0' ],
52 silly audit   slash: [ '4.0.0' ],
52 silly audit   'smart-buffer': [ '4.2.0' ],
52 silly audit   'socket.io': [ '4.7.5' ],
52 silly audit   'socket.io-adapter': [ '2.5.5' ],
52 silly audit   'socket.io-parser': [ '4.2.4' ],
52 silly audit   sockjs: [ '0.3.24' ],
52 silly audit   socks: [ '2.8.3' ],
52 silly audit   'socks-proxy-agent': [ '7.0.0' ],
52 silly audit   'source-map-js': [ '1.2.0' ],
52 silly audit   'source-map-loader': [ '4.0.1' ],
52 silly audit   'source-map-support': [ '0.5.21' ],
52 silly audit   'spdx-correct': [ '3.2.0' ],
52 silly audit   'spdx-exceptions': [ '2.5.0' ],
52 silly audit   'spdx-expression-parse': [ '3.0.1' ],
52 silly audit   'spdx-license-ids': [ '3.0.18' ],
52 silly audit   spdy: [ '4.0.2' ],
52 silly audit   'spdy-transport': [ '3.0.0' ],
52 silly audit   streamroller: [ '3.1.5' ],
52 silly audit   'strip-final-newline': [ '2.0.0' ],
52 silly audit   'supports-preserve-symlinks-flag': [ '1.0.0' ],
52 silly audit   'symbol-observable': [ '4.0.0' ],
52 silly audit   'symbol-tree': [ '3.2.4' ],
52 silly audit   tapable: [ '2.2.1' ],
52 silly audit   tar: [ '6.2.1' ],
52 silly audit   terser: [ '5.19.2', '5.31.1' ],
52 silly audit   'terser-webpack-plugin': [ '5.3.10' ],
52 silly audit   'test-exclude': [ '6.0.0' ],
52 silly audit   'text-table': [ '0.2.0' ],
52 silly audit   through: [ '2.3.8' ],
52 silly audit   thunky: [ '1.1.0' ],
52 silly audit   'to-fast-properties': [ '2.0.0' ],
52 silly audit   'to-regex-range': [ '5.0.1' ],
52 silly audit   toidentifier: [ '1.0.1' ],
52 silly audit   'tough-cookie': [ '4.1.4' ],
52 silly audit   universalify: [ '0.2.0', '0.1.2' ],
52 silly audit   tr46: [ '2.1.0' ],
52 silly audit   'tree-kill': [ '1.2.2' ],
52 silly audit   'tuf-js': [ '1.1.7' ],
52 silly audit   'type-fest': [ '0.21.3' ],
52 silly audit   'type-is': [ '1.6.18' ],
52 silly audit   'typed-assert': [ '1.0.9' ],
52 silly audit   typescript: [ '5.0.4' ],
52 silly audit   'ua-parser-js': [ '0.7.38' ],
52 silly audit   'undici-types': [ '5.26.5' ],
52 silly audit   'unicode-canonical-property-names-ecmascript': [ '2.0.0' ],
52 silly audit   'unicode-match-property-ecmascript': [ '2.0.0' ],
52 silly audit   'unicode-match-property-value-ecmascript': [ '2.1.0' ],
52 silly audit   'unicode-property-aliases-ecmascript': [ '2.1.0' ],
52 silly audit   unpipe: [ '1.0.0' ],
52 silly audit   'update-browserslist-db': [ '1.0.16' ],
52 silly audit   'uri-js': [ '4.4.1' ],
52 silly audit   'url-parse': [ '1.5.10' ],
52 silly audit   'util-deprecate': [ '1.0.2' ],
52 silly audit   'utils-merge': [ '1.0.1' ],
52 silly audit   uuid: [ '8.3.2' ],
52 silly audit   'validate-npm-package-license': [ '3.0.4' ],
52 silly audit   'validate-npm-package-name': [ '5.0.1' ],
52 silly audit   vary: [ '1.1.2' ],
52 silly audit   vite: [ '4.5.3' ],
52 silly audit   'void-elements': [ '2.0.1' ],
52 silly audit   'w3c-hr-time': [ '1.0.2' ],
52 silly audit   'w3c-xmlserializer': [ '2.0.0' ],
52 silly audit   watchpack: [ '2.4.1' ],
52 silly audit   wbuf: [ '1.7.3' ],
52 silly audit   wcwidth: [ '1.0.1' ],
52 silly audit   webpack: [ '5.88.2' ],
52 silly audit   'webpack-dev-middleware': [ '6.1.2', '5.3.4' ],
52 silly audit   'webpack-dev-server': [ '4.15.1' ],
52 silly audit   'webpack-merge': [ '5.9.0' ],
52 silly audit   'webpack-sources': [ '3.2.3' ],
52 silly audit   'webpack-subresource-integrity': [ '5.1.0' ],
52 silly audit   'websocket-driver': [ '0.7.4' ],
52 silly audit   'websocket-extensions': [ '0.1.4' ],
52 silly audit   'whatwg-encoding': [ '1.0.5' ],
52 silly audit   'whatwg-mimetype': [ '2.3.0' ],
52 silly audit   'whatwg-url': [ '8.7.0' ],
52 silly audit   'wide-align': [ '1.1.5' ],
52 silly audit   wildcard: [ '2.0.1' ],
52 silly audit   wrappy: [ '1.0.2' ],
52 silly audit   'xml-name-validator': [ '3.0.0' ],
52 silly audit   xmlchars: [ '2.2.0' ],
52 silly audit   y18n: [ '5.0.8' ],
52 silly audit   'yocto-queue': [ '1.0.0' ],
52 silly audit   'zone.js': [ '0.13.3' ],
52 silly audit   '@types/jwt-decode': [ '3.1.0' ]
52 silly audit }
53 verbose reify failed optional dependency C:\Users\leoab\Desktop\Projects\find_jobs_front\node_modules\nice-napi
54 silly reify mark deleted [
54 silly reify   'C:\\Users\\leoab\\Desktop\\Projects\\find_jobs_front\\node_modules\\nice-napi'
54 silly reify ]
55 verbose reify failed optional dependency C:\Users\leoab\Desktop\Projects\find_jobs_front\node_modules\node-addon-api
56 silly reify mark deleted [
56 silly reify   'C:\\Users\\leoab\\Desktop\\Projects\\find_jobs_front\\node_modules\\node-addon-api'
56 silly reify ]
57 verbose reify failed optional dependency C:\Users\leoab\Desktop\Projects\find_jobs_front\node_modules\node-gyp-build
58 silly reify mark deleted [
58 silly reify   'C:\\Users\\leoab\\Desktop\\Projects\\find_jobs_front\\node_modules\\node-gyp-build',
58 silly reify   'C:\\Users\\leoab\\Desktop\\Projects\\find_jobs_front\\node_modules\\.bin\\node-gyp-build',
58 silly reify   'C:\\Users\\leoab\\Desktop\\Projects\\find_jobs_front\\node_modules\\.bin\\node-gyp-build.cmd',
58 silly reify   'C:\\Users\\leoab\\Desktop\\Projects\\find_jobs_front\\node_modules\\.bin\\node-gyp-build.ps1',
58 silly reify   'C:\\Users\\leoab\\Desktop\\Projects\\find_jobs_front\\node_modules\\.bin\\node-gyp-build-optional',
58 silly reify   'C:\\Users\\leoab\\Desktop\\Projects\\find_jobs_front\\node_modules\\.bin\\node-gyp-build-optional.cmd',
58 silly reify   'C:\\Users\\leoab\\Desktop\\Projects\\find_jobs_front\\node_modules\\.bin\\node-gyp-build-optional.ps1',
58 silly reify   'C:\\Users\\leoab\\Desktop\\Projects\\find_jobs_front\\node_modules\\.bin\\node-gyp-build-test',
58 silly reify   'C:\\Users\\leoab\\Desktop\\Projects\\find_jobs_front\\node_modules\\.bin\\node-gyp-build-test.cmd',
58 silly reify   'C:\\Users\\leoab\\Desktop\\Projects\\find_jobs_front\\node_modules\\.bin\\node-gyp-build-test.ps1'
58 silly reify ]
59 verbose reify failed optional dependency C:\Users\leoab\Desktop\Projects\find_jobs_front\node_modules\fsevents
60 silly reify mark deleted [
60 silly reify   'C:\\Users\\leoab\\Desktop\\Projects\\find_jobs_front\\node_modules\\fsevents'
60 silly reify ]
61 verbose reify failed optional dependency C:\Users\leoab\Desktop\Projects\find_jobs_front\node_modules\@esbuild\win32-ia32
62 silly reify mark deleted [
62 silly reify   'C:\\Users\\leoab\\Desktop\\Projects\\find_jobs_front\\node_modules\\@esbuild\\win32-ia32'
62 silly reify ]
63 verbose reify failed optional dependency C:\Users\leoab\Desktop\Projects\find_jobs_front\node_modules\@esbuild\win32-arm64
64 silly reify mark deleted [
64 silly reify   'C:\\Users\\leoab\\Desktop\\Projects\\find_jobs_front\\node_modules\\@esbuild\\win32-arm64'
64 silly reify ]
65 verbose reify failed optional dependency C:\Users\leoab\Desktop\Projects\find_jobs_front\node_modules\@esbuild\sunos-x64
66 silly reify mark deleted [
66 silly reify   'C:\\Users\\leoab\\Desktop\\Projects\\find_jobs_front\\node_modules\\@esbuild\\sunos-x64'
66 silly reify ]
67 verbose reify failed optional dependency C:\Users\leoab\Desktop\Projects\find_jobs_front\node_modules\@esbuild\openbsd-x64
68 silly reify mark deleted [
68 silly reify   'C:\\Users\\leoab\\Desktop\\Projects\\find_jobs_front\\node_modules\\@esbuild\\openbsd-x64'
68 silly reify ]
69 verbose reify failed optional dependency C:\Users\leoab\Desktop\Projects\find_jobs_front\node_modules\@esbuild\netbsd-x64
70 silly reify mark deleted [
70 silly reify   'C:\\Users\\leoab\\Desktop\\Projects\\find_jobs_front\\node_modules\\@esbuild\\netbsd-x64'
70 silly reify ]
71 verbose reify failed optional dependency C:\Users\leoab\Desktop\Projects\find_jobs_front\node_modules\@esbuild\linux-x64
72 silly reify mark deleted [
72 silly reify   'C:\\Users\\leoab\\Desktop\\Projects\\find_jobs_front\\node_modules\\@esbuild\\linux-x64'
72 silly reify ]
73 verbose reify failed optional dependency C:\Users\leoab\Desktop\Projects\find_jobs_front\node_modules\@esbuild\linux-s390x
74 silly reify mark deleted [
74 silly reify   'C:\\Users\\leoab\\Desktop\\Projects\\find_jobs_front\\node_modules\\@esbuild\\linux-s390x'
74 silly reify ]
75 verbose reify failed optional dependency C:\Users\leoab\Desktop\Projects\find_jobs_front\node_modules\@esbuild\linux-riscv64
76 silly reify mark deleted [
76 silly reify   'C:\\Users\\leoab\\Desktop\\Projects\\find_jobs_front\\node_modules\\@esbuild\\linux-riscv64'
76 silly reify ]
77 verbose reify failed optional dependency C:\Users\leoab\Desktop\Projects\find_jobs_front\node_modules\@esbuild\linux-ppc64
78 silly reify mark deleted [
78 silly reify   'C:\\Users\\leoab\\Desktop\\Projects\\find_jobs_front\\node_modules\\@esbuild\\linux-ppc64'
78 silly reify ]
79 verbose reify failed optional dependency C:\Users\leoab\Desktop\Projects\find_jobs_front\node_modules\@esbuild\linux-mips64el
80 silly reify mark deleted [
80 silly reify   'C:\\Users\\leoab\\Desktop\\Projects\\find_jobs_front\\node_modules\\@esbuild\\linux-mips64el'
80 silly reify ]
81 verbose reify failed optional dependency C:\Users\leoab\Desktop\Projects\find_jobs_front\node_modules\@esbuild\linux-loong64
82 silly reify mark deleted [
82 silly reify   'C:\\Users\\leoab\\Desktop\\Projects\\find_jobs_front\\node_modules\\@esbuild\\linux-loong64'
82 silly reify ]
83 verbose reify failed optional dependency C:\Users\leoab\Desktop\Projects\find_jobs_front\node_modules\@esbuild\linux-ia32
84 silly reify mark deleted [
84 silly reify   'C:\\Users\\leoab\\Desktop\\Projects\\find_jobs_front\\node_modules\\@esbuild\\linux-ia32'
84 silly reify ]
85 verbose reify failed optional dependency C:\Users\leoab\Desktop\Projects\find_jobs_front\node_modules\@esbuild\linux-arm64
86 silly reify mark deleted [
86 silly reify   'C:\\Users\\leoab\\Desktop\\Projects\\find_jobs_front\\node_modules\\@esbuild\\linux-arm64'
86 silly reify ]
87 verbose reify failed optional dependency C:\Users\leoab\Desktop\Projects\find_jobs_front\node_modules\@esbuild\linux-arm
88 silly reify mark deleted [
88 silly reify   'C:\\Users\\leoab\\Desktop\\Projects\\find_jobs_front\\node_modules\\@esbuild\\linux-arm'
88 silly reify ]
89 verbose reify failed optional dependency C:\Users\leoab\Desktop\Projects\find_jobs_front\node_modules\@esbuild\freebsd-x64
90 silly reify mark deleted [
90 silly reify   'C:\\Users\\leoab\\Desktop\\Projects\\find_jobs_front\\node_modules\\@esbuild\\freebsd-x64'
90 silly reify ]
91 verbose reify failed optional dependency C:\Users\leoab\Desktop\Projects\find_jobs_front\node_modules\@esbuild\freebsd-arm64
92 silly reify mark deleted [
92 silly reify   'C:\\Users\\leoab\\Desktop\\Projects\\find_jobs_front\\node_modules\\@esbuild\\freebsd-arm64'
92 silly reify ]
93 verbose reify failed optional dependency C:\Users\leoab\Desktop\Projects\find_jobs_front\node_modules\@esbuild\darwin-x64
94 silly reify mark deleted [
94 silly reify   'C:\\Users\\leoab\\Desktop\\Projects\\find_jobs_front\\node_modules\\@esbuild\\darwin-x64'
94 silly reify ]
95 verbose reify failed optional dependency C:\Users\leoab\Desktop\Projects\find_jobs_front\node_modules\@esbuild\darwin-arm64
96 silly reify mark deleted [
96 silly reify   'C:\\Users\\leoab\\Desktop\\Projects\\find_jobs_front\\node_modules\\@esbuild\\darwin-arm64'
96 silly reify ]
97 verbose reify failed optional dependency C:\Users\leoab\Desktop\Projects\find_jobs_front\node_modules\@esbuild\android-x64
98 silly reify mark deleted [
98 silly reify   'C:\\Users\\leoab\\Desktop\\Projects\\find_jobs_front\\node_modules\\@esbuild\\android-x64'
98 silly reify ]
99 verbose reify failed optional dependency C:\Users\leoab\Desktop\Projects\find_jobs_front\node_modules\@esbuild\android-arm64
100 silly reify mark deleted [
100 silly reify   'C:\\Users\\leoab\\Desktop\\Projects\\find_jobs_front\\node_modules\\@esbuild\\android-arm64'
100 silly reify ]
101 verbose reify failed optional dependency C:\Users\leoab\Desktop\Projects\find_jobs_front\node_modules\@esbuild\android-arm
102 silly reify mark deleted [
102 silly reify   'C:\\Users\\leoab\\Desktop\\Projects\\find_jobs_front\\node_modules\\@esbuild\\android-arm'
102 silly reify ]
103 timing reifyNode:node_modules/nice-napi Completed in 26ms
104 timing reifyNode:node_modules/fsevents Completed in 26ms
105 timing reifyNode:node_modules/@esbuild/win32-ia32 Completed in 25ms
106 timing reifyNode:node_modules/@esbuild/win32-arm64 Completed in 25ms
107 timing reifyNode:node_modules/@esbuild/sunos-x64 Completed in 24ms
108 timing reifyNode:node_modules/@esbuild/openbsd-x64 Completed in 24ms
109 timing reifyNode:node_modules/@esbuild/netbsd-x64 Completed in 24ms
110 timing reifyNode:node_modules/@esbuild/linux-x64 Completed in 24ms
111 timing reifyNode:node_modules/@esbuild/linux-s390x Completed in 24ms
112 timing reifyNode:node_modules/@esbuild/linux-riscv64 Completed in 24ms
113 timing reifyNode:node_modules/@esbuild/linux-ppc64 Completed in 23ms
114 timing reifyNode:node_modules/@esbuild/linux-mips64el Completed in 23ms
115 timing reifyNode:node_modules/@esbuild/linux-loong64 Completed in 23ms
116 timing reifyNode:node_modules/@esbuild/linux-ia32 Completed in 22ms
117 timing reifyNode:node_modules/@esbuild/linux-arm64 Completed in 22ms
118 timing reifyNode:node_modules/@esbuild/linux-arm Completed in 22ms
119 timing reifyNode:node_modules/@esbuild/freebsd-x64 Completed in 23ms
120 timing reifyNode:node_modules/@esbuild/freebsd-arm64 Completed in 22ms
121 timing reifyNode:node_modules/@esbuild/darwin-x64 Completed in 22ms
122 timing reifyNode:node_modules/@esbuild/darwin-arm64 Completed in 22ms
123 timing reifyNode:node_modules/@esbuild/android-x64 Completed in 22ms
124 timing reifyNode:node_modules/@esbuild/android-arm64 Completed in 22ms
125 timing reifyNode:node_modules/@esbuild/android-arm Completed in 22ms
126 timing reifyNode:node_modules/node-gyp-build Completed in 79ms
127 timing reifyNode:node_modules/node-addon-api Completed in 116ms
128 timing reify:unpack Completed in 117ms
129 timing reify:unretire Completed in 0ms
130 timing build:queue Completed in 5ms
131 timing build:link Completed in 1ms
132 timing build:deps Completed in 7ms
133 timing build Completed in 7ms
134 timing reify:build Completed in 9ms
135 timing reify:trash Completed in 19ms
136 http fetch POST 200 https://registry.npmjs.org/-/npm/v1/security/advisories/bulk 1370ms
137 timing auditReport:getReport Completed in 1402ms
138 silly audit report {
138 silly audit report   semver: [
138 silly audit report     {
138 silly audit report       id: 1096482,
138 silly audit report       url: 'https://github.com/advisories/GHSA-c2qf-rxjj-qqgw',
138 silly audit report       title: 'semver vulnerable to Regular Expression Denial of Service',
138 silly audit report       severity: 'moderate',
138 silly audit report       vulnerable_versions: '>=7.0.0 <7.5.2',
138 silly audit report       cwe: [Array],
138 silly audit report       cvss: [Object]
138 silly audit report     }
138 silly audit report   ]
138 silly audit report }
139 timing reify:save Completed in 1216ms
140 timing metavuln:cache:get:security-advisory:semver:g1vJG11wXBTamuqcp6anLd2yC0AnCjlhaLFglyJx4rEfKLK+YF116HpQw1CsB0bwCPUkxcSemSBkmLIdEXe6xw== Completed in 957ms
141 http fetch GET 200 https://registry.npmjs.org/semver 1031ms (cache revalidated)
142 timing metavuln:packument:semver Completed in 1032ms
143 timing metavuln:load:security-advisory:semver:1096482 Completed in 2ms
144 timing metavuln:calculate:security-advisory:semver:1096482 Completed in 1035ms
145 timing metavuln:cache:get:security-advisory:@angular/cli:3tHG3flNwisvOjgLQXxgUgHlKrkHpaCuOQ+rJjXmvrsbpuElBqO4+fuA/nbbBzxYzxzgE9XjX3xiV+6dAdy7wQ== Completed in 5ms
146 http fetch GET 200 https://registry.npmjs.org/@angular%2fcli 1440ms (cache revalidated)
147 timing metavuln:packument:@angular/cli Completed in 1459ms
148 timing metavuln:load:security-advisory:@angular/cli:g1vJG11wXBTamuqcp6anLd2yC0AnCjlhaLFglyJx4rEfKLK+YF116HpQw1CsB0bwCPUkxcSemSBkmLIdEXe6xw== Completed in 9ms
149 timing metavuln:calculate:security-advisory:@angular/cli:g1vJG11wXBTamuqcp6anLd2yC0AnCjlhaLFglyJx4rEfKLK+YF116HpQw1CsB0bwCPUkxcSemSBkmLIdEXe6xw== Completed in 1469ms
150 timing auditReport:init Completed in 2534ms
151 timing reify:audit Completed in 3937ms
152 timing reify Completed in 7460ms
153 silly ADD
154 silly ADD
155 silly ADD
156 silly ADD
157 silly ADD
158 silly ADD
159 silly ADD
160 silly ADD
161 silly ADD
162 silly ADD
163 silly ADD
164 silly ADD
165 silly ADD
166 silly ADD
167 silly ADD
168 silly ADD
169 silly ADD
170 silly ADD
171 silly ADD
172 silly ADD
173 silly ADD
174 silly ADD
175 silly ADD
176 silly ADD
177 silly ADD
178 timing command:install Completed in 7508ms
179 verbose exit 0
180 timing npm Completed in 8299ms
181 info ok
